{
  "stats": {
    "suites": 1,
    "tests": 5,
    "passes": 0,
    "pending": 0,
    "failures": 5,
    "start": "2024-09-28T07:06:29.901Z",
    "end": "2024-09-28T07:07:17.905Z",
    "duration": 48004,
    "testsRegistered": 5,
    "passPercent": 0,
    "pendingPercent": 0,
    "other": 0,
    "hasOther": false,
    "skipped": 0,
    "hasSkipped": false
  },
  "results": [
    {
      "uuid": "3f4548d6-bf50-483e-8bdf-cee2c64efb6e",
      "title": "",
      "fullFile": "cypress\\UAT\\Features\\login.feature",
      "file": "cypress\\UAT\\Features\\login.feature",
      "beforeHooks": [],
      "afterHooks": [],
      "tests": [],
      "suites": [
        {
          "uuid": "1d7ccd75-fccd-4409-8066-c9ca943fc539",
          "title": "login",
          "fullFile": "",
          "file": "",
          "beforeHooks": [],
          "afterHooks": [],
          "tests": [
            {
              "title": "validate login for multiple users (example #1)",
              "fullTitle": "login validate login for multiple users (example #1)",
              "timedOut": null,
              "duration": 10526,
              "state": "failed",
              "speed": null,
              "pass": false,
              "fail": true,
              "pending": false,
              "context": null,
              "code": "const state = window.testState;\nreturn cy\n  .then(() => state.onStartScenario(scenario, indexedSteps))\n  .then(() =>\n    resolveAndRunBeforeHooks.call(this, scenario.tags, state.feature.name)\n  )\n  .then(() =>\n    indexedSteps.forEach((step) =>\n      stepTest.call(this, state, step, rowData)\n    )\n  )\n  .then(() => state.onFinishScenario(scenario));",
              "err": {
                "message": "AssertionError: Timed out retrying after 4000ms: Expected to find element: `.oxd-text--h6`, but never found it.",
                "estack": "AssertionError: Timed out retrying after 4000ms: Expected to find element: `.oxd-text--h6`, but never found it.\n    at Context.eval (cypress/support/Steps/loginOrangeHrm.js:40:29)\n    at Context.resolveAndRunStepDefinition (node_modules/cypress-cucumber-preprocessor/lib/resolveStepDefinition.js:193:0)\n    at Context.eval (node_modules/cypress-cucumber-preprocessor/lib/createTestFromScenario.js:27:0)",
                "diff": null
              },
              "uuid": "31ac32cb-c26f-4c0d-819d-e07184174a5d",
              "parentUUID": "1d7ccd75-fccd-4409-8066-c9ca943fc539",
              "isHook": false,
              "skipped": false
            },
            {
              "title": "validate login for multiple users (example #2)",
              "fullTitle": "login validate login for multiple users (example #2)",
              "timedOut": null,
              "duration": 7493,
              "state": "failed",
              "speed": null,
              "pass": false,
              "fail": true,
              "pending": false,
              "context": null,
              "code": "const state = window.testState;\nreturn cy\n  .then(() => state.onStartScenario(scenario, indexedSteps))\n  .then(() =>\n    resolveAndRunBeforeHooks.call(this, scenario.tags, state.feature.name)\n  )\n  .then(() =>\n    indexedSteps.forEach((step) =>\n      stepTest.call(this, state, step, rowData)\n    )\n  )\n  .then(() => state.onFinishScenario(scenario));",
              "err": {
                "message": "AssertionError: Timed out retrying after 4000ms: Expected to find element: `.oxd-text--h6`, but never found it.",
                "estack": "AssertionError: Timed out retrying after 4000ms: Expected to find element: `.oxd-text--h6`, but never found it.\n    at Context.eval (cypress/support/Steps/loginOrangeHrm.js:40:29)\n    at Context.resolveAndRunStepDefinition (node_modules/cypress-cucumber-preprocessor/lib/resolveStepDefinition.js:193:0)\n    at Context.eval (node_modules/cypress-cucumber-preprocessor/lib/createTestFromScenario.js:27:0)",
                "diff": null
              },
              "uuid": "58422325-72f2-48cf-af86-2f9631dafd93",
              "parentUUID": "1d7ccd75-fccd-4409-8066-c9ca943fc539",
              "isHook": false,
              "skipped": false
            },
            {
              "title": "validate login for multiple users (example #3)",
              "fullTitle": "login validate login for multiple users (example #3)",
              "timedOut": null,
              "duration": 7442,
              "state": "failed",
              "speed": null,
              "pass": false,
              "fail": true,
              "pending": false,
              "context": null,
              "code": "const state = window.testState;\nreturn cy\n  .then(() => state.onStartScenario(scenario, indexedSteps))\n  .then(() =>\n    resolveAndRunBeforeHooks.call(this, scenario.tags, state.feature.name)\n  )\n  .then(() =>\n    indexedSteps.forEach((step) =>\n      stepTest.call(this, state, step, rowData)\n    )\n  )\n  .then(() => state.onFinishScenario(scenario));",
              "err": {
                "message": "AssertionError: Timed out retrying after 4000ms: Expected to find element: `.oxd-text--h6`, but never found it.",
                "estack": "AssertionError: Timed out retrying after 4000ms: Expected to find element: `.oxd-text--h6`, but never found it.\n    at Context.eval (cypress/support/Steps/loginOrangeHrm.js:40:29)\n    at Context.resolveAndRunStepDefinition (node_modules/cypress-cucumber-preprocessor/lib/resolveStepDefinition.js:193:0)\n    at Context.eval (node_modules/cypress-cucumber-preprocessor/lib/createTestFromScenario.js:27:0)",
                "diff": null
              },
              "uuid": "1476b6f0-e321-40e4-ae99-7a22947f517c",
              "parentUUID": "1d7ccd75-fccd-4409-8066-c9ca943fc539",
              "isHook": false,
              "skipped": false
            },
            {
              "title": "validate login for multiple users (example #4)",
              "fullTitle": "login validate login for multiple users (example #4)",
              "timedOut": null,
              "duration": 7856,
              "state": "failed",
              "speed": null,
              "pass": false,
              "fail": true,
              "pending": false,
              "context": null,
              "code": "const state = window.testState;\nreturn cy\n  .then(() => state.onStartScenario(scenario, indexedSteps))\n  .then(() =>\n    resolveAndRunBeforeHooks.call(this, scenario.tags, state.feature.name)\n  )\n  .then(() =>\n    indexedSteps.forEach((step) =>\n      stepTest.call(this, state, step, rowData)\n    )\n  )\n  .then(() => state.onFinishScenario(scenario));",
              "err": {
                "message": "AssertionError: Timed out retrying after 4000ms: Expected to find element: `.oxd-text--h6`, but never found it.",
                "estack": "AssertionError: Timed out retrying after 4000ms: Expected to find element: `.oxd-text--h6`, but never found it.\n    at Context.eval (cypress/support/Steps/loginOrangeHrm.js:40:29)\n    at Context.resolveAndRunStepDefinition (node_modules/cypress-cucumber-preprocessor/lib/resolveStepDefinition.js:193:0)\n    at Context.eval (node_modules/cypress-cucumber-preprocessor/lib/createTestFromScenario.js:27:0)",
                "diff": null
              },
              "uuid": "db462f5b-a3a6-476b-a51c-32c12611c243",
              "parentUUID": "1d7ccd75-fccd-4409-8066-c9ca943fc539",
              "isHook": false,
              "skipped": false
            },
            {
              "title": "validate login for multiple users (example #5)",
              "fullTitle": "login validate login for multiple users (example #5)",
              "timedOut": null,
              "duration": 8757,
              "state": "failed",
              "speed": null,
              "pass": false,
              "fail": true,
              "pending": false,
              "context": null,
              "code": "const state = window.testState;\nreturn cy\n  .then(() => state.onStartScenario(scenario, indexedSteps))\n  .then(() =>\n    resolveAndRunBeforeHooks.call(this, scenario.tags, state.feature.name)\n  )\n  .then(() =>\n    indexedSteps.forEach((step) =>\n      stepTest.call(this, state, step, rowData)\n    )\n  )\n  .then(() => state.onFinishScenario(scenario));",
              "err": {
                "message": "AssertionError: Timed out retrying after 4000ms: Expected to find element: `.oxd-text--h6`, but never found it.",
                "estack": "AssertionError: Timed out retrying after 4000ms: Expected to find element: `.oxd-text--h6`, but never found it.\n    at Context.eval (cypress/support/Steps/loginOrangeHrm.js:40:29)\n    at Context.resolveAndRunStepDefinition (node_modules/cypress-cucumber-preprocessor/lib/resolveStepDefinition.js:193:0)\n    at Context.eval (node_modules/cypress-cucumber-preprocessor/lib/createTestFromScenario.js:27:0)",
                "diff": null
              },
              "uuid": "8f249667-049f-4893-945a-759ac3899727",
              "parentUUID": "1d7ccd75-fccd-4409-8066-c9ca943fc539",
              "isHook": false,
              "skipped": false
            }
          ],
          "suites": [],
          "passes": [],
          "failures": [
            "31ac32cb-c26f-4c0d-819d-e07184174a5d",
            "58422325-72f2-48cf-af86-2f9631dafd93",
            "1476b6f0-e321-40e4-ae99-7a22947f517c",
            "db462f5b-a3a6-476b-a51c-32c12611c243",
            "8f249667-049f-4893-945a-759ac3899727"
          ],
          "pending": [],
          "skipped": [],
          "duration": 42074,
          "root": false,
          "rootEmpty": false,
          "_timeout": 2000
        }
      ],
      "passes": [],
      "failures": [],
      "pending": [],
      "skipped": [],
      "duration": 0,
      "root": true,
      "rootEmpty": true,
      "_timeout": 2000
    }
  ],
  "meta": {
    "mocha": {
      "version": "7.0.1"
    },
    "mochawesome": {
      "options": {
        "quiet": false,
        "reportFilename": "mochawesome",
        "saveHtml": true,
        "saveJson": true,
        "consoleReporter": "spec",
        "useInlineDiffs": false,
        "code": true
      },
      "version": "7.1.3"
    },
    "marge": {
      "options": {
        "reportDir": "cypress/reports/mochawesome-report",
        "overwrite": false,
        "html": true,
        "json": true,
        "charts": true
      },
      "version": "6.2.0"
    }
  }
}