{
  "stats": {
    "suites": 1,
    "tests": 1,
    "passes": 1,
    "pending": 0,
    "failures": 0,
    "start": "2024-09-28T07:06:09.087Z",
    "end": "2024-09-28T07:06:20.119Z",
    "duration": 11032,
    "testsRegistered": 1,
    "passPercent": 100,
    "pendingPercent": 0,
    "other": 0,
    "hasOther": false,
    "skipped": 0,
    "hasSkipped": false
  },
  "results": [
    {
      "uuid": "b5743dd8-50fc-4482-b576-55425a079db3",
      "title": "",
      "fullFile": "cypress\\UAT\\Features\\form.feature",
      "file": "cypress\\UAT\\Features\\form.feature",
      "beforeHooks": [],
      "afterHooks": [],
      "tests": [],
      "suites": [
        {
          "uuid": "c0ad555a-3db5-4d4e-a60f-b1feb9cc1ffb",
          "title": "Simple Form",
          "fullFile": "",
          "file": "",
          "beforeHooks": [],
          "afterHooks": [],
          "tests": [
            {
              "title": "To verify the form is working for all mandatory fields",
              "fullTitle": "Simple Form To verify the form is working for all mandatory fields",
              "timedOut": null,
              "duration": 6088,
              "state": "passed",
              "speed": "medium",
              "pass": true,
              "fail": false,
              "pending": false,
              "context": null,
              "code": "const state = window.testState;\nreturn cy\n  .then(() => state.onStartScenario(scenario, indexedSteps))\n  .then(() =>\n    resolveAndRunBeforeHooks.call(this, scenario.tags, state.feature.name)\n  )\n  .then(() =>\n    indexedSteps.forEach((step) =>\n      stepTest.call(this, state, step, rowData)\n    )\n  )\n  .then(() => state.onFinishScenario(scenario));",
              "err": {},
              "uuid": "84de0930-1d4e-4bdb-a91f-94363563f11e",
              "parentUUID": "c0ad555a-3db5-4d4e-a60f-b1feb9cc1ffb",
              "isHook": false,
              "skipped": false
            }
          ],
          "suites": [],
          "passes": [
            "84de0930-1d4e-4bdb-a91f-94363563f11e"
          ],
          "failures": [],
          "pending": [],
          "skipped": [],
          "duration": 6088,
          "root": false,
          "rootEmpty": false,
          "_timeout": 2000
        }
      ],
      "passes": [],
      "failures": [],
      "pending": [],
      "skipped": [],
      "duration": 0,
      "root": true,
      "rootEmpty": true,
      "_timeout": 2000
    }
  ],
  "meta": {
    "mocha": {
      "version": "7.0.1"
    },
    "mochawesome": {
      "options": {
        "quiet": false,
        "reportFilename": "mochawesome",
        "saveHtml": true,
        "saveJson": true,
        "consoleReporter": "spec",
        "useInlineDiffs": false,
        "code": true
      },
      "version": "7.1.3"
    },
    "marge": {
      "options": {
        "reportDir": "cypress/reports/mochawesome-report",
        "overwrite": false,
        "html": true,
        "json": true,
        "charts": true
      },
      "version": "6.2.0"
    }
  }
}